<?xml version="1.0" encoding="UTF-8"?>
<!-- Generated by org.testng.reporters.JUnitReportReporter -->
<testsuite skipped="0" hostname="Ivavsys-Len-Rekha" name="com.webApp.test.DemoTest" tests="1" failures="0" timestamp="27 Nov 2018 12:01:27 GMT" time="26.906" errors="0">
  <testcase name="searchNewFriend" time="26.906" classname="com.webApp.test.DemoTest"/>
</testsuite> <!-- com.webApp.test.DemoTest -->
