<?xml version="1.0" encoding="UTF-8"?>
<!-- Generated by org.testng.reporters.JUnitReportReporter -->
<testsuite skipped="0" hostname="Ivavsys-Len-Rekha" name="myWebAppProject.DemoTest" tests="1" failures="0" timestamp="27 Nov 2018 10:14:48 GMT" time="25.361" errors="0">
  <testcase name="searchNewFriend" time="25.361" classname="myWebAppProject.DemoTest"/>
</testsuite> <!-- myWebAppProject.DemoTest -->
