<?xml version="1.0" encoding="UTF-8"?>
<!-- Generated by org.testng.reporters.JUnitReportReporter -->
<testsuite skipped="0" hostname="Ivavsys-Len-Rekha" name="myWebAppProject.NewTest" tests="2" failures="0" timestamp="27 Nov 2018 04:59:26 GMT" time="0.031" errors="0">
  <testcase name="testCase1" time="0.027" classname="myWebAppProject.NewTest"/>
  <testcase name="testCase2" time="0.004" classname="myWebAppProject.NewTest"/>
</testsuite> <!-- myWebAppProject.NewTest -->
